::1 - - [06/Jan/2020:18:36:38 +0000] "POST /api/register HTTP/1.1" 200 50 "-" "PostmanRuntime/7.21.0"
::1 - - [06/Jan/2020:18:36:43 +0000] "POST /api/register HTTP/1.1" 200 50 "-" "PostmanRuntime/7.21.0"
::1 - - [06/Jan/2020:18:36:57 +0000] "POST /api/register HTTP/1.1" 200 50 "-" "PostmanRuntime/7.21.0"
::1 - - [06/Jan/2020:18:49:53 +0000] "POST /api/register HTTP/1.1" 200 50 "-" "PostmanRuntime/7.21.0"
::1 - - [06/Jan/2020:18:52:55 +0000] "POST /api/register HTTP/1.1" 200 50 "-" "PostmanRuntime/7.21.0"
::1 - - [06/Jan/2020:19:45:23 +0000] "POST /api/register HTTP/1.1" 200 50 "-" "PostmanRuntime/7.21.0"
::1 - - [27/Jan/2020:10:14:02 +0000] "POST /ee HTTP/1.1" 404 2180 "-" "PostmanRuntime/7.22.0"
::1 - - [27/Jan/2020:10:14:12 +0000] "POST /api/register HTTP/1.1" 200 50 "-" "PostmanRuntime/7.22.0"
::1 - - [27/Jan/2020:10:16:21 +0000] "POST /api/register HTTP/1.1" 200 50 "-" "PostmanRuntime/7.22.0"
::1 - - [27/Jan/2020:10:16:40 +0000] "POST /api/register HTTP/1.1" 200 50 "-" "PostmanRuntime/7.22.0"
::1 - - [27/Jan/2020:10:16:42 +0000] "POST /api/register HTTP/1.1" 200 50 "-" "PostmanRuntime/7.22.0"
::1 - - [27/Jan/2020:10:17:31 +0000] "POST /api/register HTTP/1.1" 200 52 "-" "PostmanRuntime/7.22.0"
::1 - - [27/Jan/2020:10:36:48 +0000] "POST /game/initialize HTTP/1.1" 404 2181 "-" "PostmanRuntime/7.22.0"
::1 - - [27/Jan/2020:10:42:03 +0000] "POST /game/initialize HTTP/1.1" - - "-" "PostmanRuntime/7.22.0"
::1 - - [27/Jan/2020:10:50:50 +0000] "POST /game/initialize HTTP/1.1" - - "-" "PostmanRuntime/7.22.0"
::1 - - [27/Jan/2020:10:55:14 +0000] "POST /game/initialize HTTP/1.1" - - "-" "PostmanRuntime/7.22.0"
::1 - - [27/Jan/2020:11:01:14 +0000] "POST /game/initialize HTTP/1.1" - - "-" "PostmanRuntime/7.22.0"
::1 - - [27/Jan/2020:11:03:15 +0000] "POST /game/initialize HTTP/1.1" - - "-" "PostmanRuntime/7.22.0"
::1 - - [27/Jan/2020:11:05:32 +0000] "POST /game/initialize HTTP/1.1" - - "-" "PostmanRuntime/7.22.0"
::1 - - [27/Jan/2020:11:09:03 +0000] "POST /game/initialize HTTP/1.1" 200 1578 "-" "PostmanRuntime/7.22.0"
::1 - - [27/Jan/2020:11:09:09 +0000] "POST /game/initialize HTTP/1.1" 200 1578 "-" "PostmanRuntime/7.22.0"
::1 - - [27/Jan/2020:11:09:10 +0000] "POST /game/initialize HTTP/1.1" 200 1578 "-" "PostmanRuntime/7.22.0"
::1 - - [27/Jan/2020:11:09:13 +0000] "POST /game/initialize HTTP/1.1" 200 1578 "-" "PostmanRuntime/7.22.0"
::1 - - [27/Jan/2020:11:09:14 +0000] "POST /game/initialize HTTP/1.1" 200 1578 "-" "PostmanRuntime/7.22.0"
::1 - - [27/Jan/2020:11:09:15 +0000] "POST /game/initialize HTTP/1.1" 200 1578 "-" "PostmanRuntime/7.22.0"
::1 - - [27/Jan/2020:11:09:16 +0000] "POST /game/initialize HTTP/1.1" 200 1578 "-" "PostmanRuntime/7.22.0"
::1 - - [27/Jan/2020:11:09:16 +0000] "POST /game/initialize HTTP/1.1" 200 1578 "-" "PostmanRuntime/7.22.0"
::1 - - [27/Jan/2020:11:09:18 +0000] "POST /game/initialize HTTP/1.1" 200 1578 "-" "PostmanRuntime/7.22.0"
::1 - - [27/Jan/2020:11:09:19 +0000] "POST /game/initialize HTTP/1.1" 200 1578 "-" "PostmanRuntime/7.22.0"
::1 - - [27/Jan/2020:11:09:20 +0000] "POST /game/initialize HTTP/1.1" 200 1578 "-" "PostmanRuntime/7.22.0"
::1 - - [27/Jan/2020:11:09:21 +0000] "POST /game/initialize HTTP/1.1" 200 1578 "-" "PostmanRuntime/7.22.0"
::1 - - [27/Jan/2020:11:09:21 +0000] "POST /game/initialize HTTP/1.1" 200 1578 "-" "PostmanRuntime/7.22.0"
::1 - - [27/Jan/2020:11:09:23 +0000] "POST /game/initialize HTTP/1.1" 200 1578 "-" "PostmanRuntime/7.22.0"
::1 - - [27/Jan/2020:11:09:24 +0000] "POST /game/initialize HTTP/1.1" 200 1578 "-" "PostmanRuntime/7.22.0"
::1 - - [27/Jan/2020:11:09:24 +0000] "POST /game/initialize HTTP/1.1" 200 1578 "-" "PostmanRuntime/7.22.0"
::1 - - [27/Jan/2020:11:09:26 +0000] "POST /game/initialize HTTP/1.1" 200 1578 "-" "PostmanRuntime/7.22.0"
::1 - - [27/Jan/2020:11:09:27 +0000] "POST /game/initialize HTTP/1.1" 200 1578 "-" "PostmanRuntime/7.22.0"
::1 - - [27/Jan/2020:11:09:27 +0000] "POST /game/initialize HTTP/1.1" 200 1578 "-" "PostmanRuntime/7.22.0"
::1 - - [27/Jan/2020:11:09:28 +0000] "POST /game/initialize HTTP/1.1" 200 1578 "-" "PostmanRuntime/7.22.0"
::1 - - [27/Jan/2020:11:10:47 +0000] "POST /game/initialize HTTP/1.1" 200 1578 "-" "PostmanRuntime/7.22.0"
::1 - - [27/Jan/2020:11:11:52 +0000] "POST /game/initialize HTTP/1.1" 200 1578 "-" "PostmanRuntime/7.22.0"
::1 - - [27/Jan/2020:11:12:20 +0000] "POST /game/initialize HTTP/1.1" 200 1578 "-" "PostmanRuntime/7.22.0"
::1 - - [27/Jan/2020:11:12:30 +0000] "POST /game/initialize HTTP/1.1" 200 1578 "-" "PostmanRuntime/7.22.0"
::1 - - [27/Jan/2020:11:13:27 +0000] "POST /game/initialize HTTP/1.1" 200 2 "-" "PostmanRuntime/7.22.0"
::1 - - [27/Jan/2020:11:13:33 +0000] "POST /game/initialize HTTP/1.1" 200 2 "-" "PostmanRuntime/7.22.0"
::1 - - [27/Jan/2020:11:13:34 +0000] "POST /game/initialize HTTP/1.1" 200 2 "-" "PostmanRuntime/7.22.0"
::1 - - [27/Jan/2020:11:14:23 +0000] "POST /game/initialize HTTP/1.1" 200 2 "-" "PostmanRuntime/7.22.0"
::1 - - [27/Jan/2020:11:14:41 +0000] "POST /game/initialize HTTP/1.1" 123 - "-" "PostmanRuntime/7.22.0"
::1 - - [27/Jan/2020:11:15:17 +0000] "POST /game/initialize HTTP/1.1" 123 3 "-" "PostmanRuntime/7.22.0"
::1 - - [27/Jan/2020:11:15:38 +0000] "POST /game/initialize HTTP/1.1" 123 3 "-" "PostmanRuntime/7.22.0"
::1 - - [27/Jan/2020:11:15:59 +0000] "POST /game/initialize HTTP/1.1" 200 3 "-" "PostmanRuntime/7.22.0"
::1 - - [27/Jan/2020:11:16:10 +0000] "POST /game/initialize HTTP/1.1" 200 2 "-" "PostmanRuntime/7.22.0"
::1 - - [27/Jan/2020:11:17:09 +0000] "POST /game/initialize HTTP/1.1" 200 2 "-" "PostmanRuntime/7.22.0"
::1 - - [27/Jan/2020:11:17:42 +0000] "POST /game/initialize HTTP/1.1" 200 2 "-" "PostmanRuntime/7.22.0"
::1 - - [27/Jan/2020:11:18:14 +0000] "POST /game/initialize HTTP/1.1" 200 1578 "-" "PostmanRuntime/7.22.0"
::1 - - [27/Jan/2020:11:18:36 +0000] "POST /game/initialize HTTP/1.1" 200 1578 "-" "PostmanRuntime/7.22.0"
::1 - - [27/Jan/2020:11:18:38 +0000] "POST /game/initialize HTTP/1.1" 200 1578 "-" "PostmanRuntime/7.22.0"
::1 - - [27/Jan/2020:11:18:57 +0000] "POST /game/initialize HTTP/1.1" 200 1578 "-" "PostmanRuntime/7.22.0"
::1 - - [27/Jan/2020:11:18:59 +0000] "POST /game/initialize HTTP/1.1" 200 1578 "-" "PostmanRuntime/7.22.0"
::1 - - [27/Jan/2020:11:18:59 +0000] "POST /game/initialize HTTP/1.1" 200 1578 "-" "PostmanRuntime/7.22.0"
::1 - - [27/Jan/2020:11:19:01 +0000] "POST /game/initialize HTTP/1.1" 200 1578 "-" "PostmanRuntime/7.22.0"
::1 - - [27/Jan/2020:11:19:03 +0000] "POST /game/initialize HTTP/1.1" 200 1578 "-" "PostmanRuntime/7.22.0"
::1 - - [27/Jan/2020:11:19:04 +0000] "POST /game/initialize HTTP/1.1" 200 1578 "-" "PostmanRuntime/7.22.0"
::1 - - [27/Jan/2020:11:19:05 +0000] "POST /game/initialize HTTP/1.1" 200 1578 "-" "PostmanRuntime/7.22.0"
::1 - - [27/Jan/2020:11:19:08 +0000] "POST /game/initialize HTTP/1.1" 200 1578 "-" "PostmanRuntime/7.22.0"
::1 - - [27/Jan/2020:11:19:09 +0000] "POST /game/initialize HTTP/1.1" 200 1578 "-" "PostmanRuntime/7.22.0"
::1 - - [27/Jan/2020:11:19:10 +0000] "POST /game/initialize HTTP/1.1" 200 1578 "-" "PostmanRuntime/7.22.0"
::1 - - [27/Jan/2020:11:19:11 +0000] "POST /game/initialize HTTP/1.1" 200 1578 "-" "PostmanRuntime/7.22.0"
::1 - - [27/Jan/2020:11:20:21 +0000] "POST /game/initialize HTTP/1.1" 200 1578 "-" "PostmanRuntime/7.22.0"
::1 - - [27/Jan/2020:11:20:23 +0000] "POST /game/initialize HTTP/1.1" 200 1578 "-" "PostmanRuntime/7.22.0"
::1 - - [27/Jan/2020:11:20:25 +0000] "POST /game/initialize HTTP/1.1" 200 1578 "-" "PostmanRuntime/7.22.0"
::1 - - [27/Jan/2020:11:20:26 +0000] "POST /game/initialize HTTP/1.1" 200 1578 "-" "PostmanRuntime/7.22.0"
::1 - - [27/Jan/2020:11:20:26 +0000] "POST /game/initialize HTTP/1.1" 200 1578 "-" "PostmanRuntime/7.22.0"
::1 - - [27/Jan/2020:11:20:27 +0000] "POST /game/initialize HTTP/1.1" 200 1578 "-" "PostmanRuntime/7.22.0"
::1 - - [27/Jan/2020:11:20:28 +0000] "POST /game/initialize HTTP/1.1" 200 1578 "-" "PostmanRuntime/7.22.0"
::1 - - [27/Jan/2020:11:20:29 +0000] "POST /game/initialize HTTP/1.1" 200 1578 "-" "PostmanRuntime/7.22.0"
::1 - - [27/Jan/2020:11:20:30 +0000] "POST /game/initialize HTTP/1.1" 200 1578 "-" "PostmanRuntime/7.22.0"
::1 - - [27/Jan/2020:11:20:31 +0000] "POST /game/initialize HTTP/1.1" 200 1578 "-" "PostmanRuntime/7.22.0"
::1 - - [27/Jan/2020:11:20:32 +0000] "POST /game/initialize HTTP/1.1" 200 1578 "-" "PostmanRuntime/7.22.0"
::1 - - [27/Jan/2020:11:20:33 +0000] "POST /game/initialize HTTP/1.1" 200 1578 "-" "PostmanRuntime/7.22.0"
::1 - - [27/Jan/2020:11:20:34 +0000] "POST /game/initialize HTTP/1.1" 200 1578 "-" "PostmanRuntime/7.22.0"
::1 - - [27/Jan/2020:11:20:36 +0000] "POST /game/initialize HTTP/1.1" 200 1578 "-" "PostmanRuntime/7.22.0"
::1 - - [27/Jan/2020:11:20:37 +0000] "POST /game/initialize HTTP/1.1" 200 1578 "-" "PostmanRuntime/7.22.0"
::1 - - [27/Jan/2020:11:21:09 +0000] "POST /game/initialize HTTP/1.1" 200 1578 "-" "PostmanRuntime/7.22.0"
::1 - - [27/Jan/2020:11:21:11 +0000] "POST /game/initialize HTTP/1.1" 200 1578 "-" "PostmanRuntime/7.22.0"
::1 - - [27/Jan/2020:11:21:12 +0000] "POST /game/initialize HTTP/1.1" 200 1578 "-" "PostmanRuntime/7.22.0"
::1 - - [27/Jan/2020:11:21:13 +0000] "POST /game/initialize HTTP/1.1" 200 1578 "-" "PostmanRuntime/7.22.0"
::1 - - [27/Jan/2020:11:21:14 +0000] "POST /game/initialize HTTP/1.1" 200 1578 "-" "PostmanRuntime/7.22.0"
::1 - - [27/Jan/2020:11:21:15 +0000] "POST /game/initialize HTTP/1.1" 200 1578 "-" "PostmanRuntime/7.22.0"
::1 - - [27/Jan/2020:11:58:09 +0000] "POST /game/initialize HTTP/1.1" 200 1578 "-" "PostmanRuntime/7.22.0"
::1 - - [27/Jan/2020:11:58:37 +0000] "POST /game/deal HTTP/1.1" 404 2141 "-" "PostmanRuntime/7.22.0"
::1 - - [27/Jan/2020:12:00:12 +0000] "POST /game/deal HTTP/1.1" 200 256 "-" "PostmanRuntime/7.22.0"
::1 - - [27/Jan/2020:12:01:52 +0000] "POST /game/deal HTTP/1.1" 200 265 "-" "PostmanRuntime/7.22.0"
::1 - - [27/Jan/2020:12:02:58 +0000] "POST /game/deal HTTP/1.1" 200 1841 "-" "PostmanRuntime/7.22.0"
::1 - - [27/Jan/2020:12:28:53 +0000] "POST /game/deal HTTP/1.1" 200 1829 "-" "PostmanRuntime/7.22.0"
::1 - - [27/Jan/2020:12:29:45 +0000] "POST /game/deal HTTP/1.1" 200 1829 "-" "PostmanRuntime/7.22.0"
::1 - - [27/Jan/2020:12:30:20 +0000] "POST /game/deal HTTP/1.1" 200 1842 "-" "PostmanRuntime/7.22.0"
::1 - - [27/Jan/2020:12:31:09 +0000] "POST /game/deal HTTP/1.1" 200 1846 "-" "PostmanRuntime/7.22.0"
::1 - - [27/Jan/2020:12:35:41 +0000] "POST /game/deal HTTP/1.1" - - "-" "PostmanRuntime/7.22.0"
::1 - - [27/Jan/2020:12:38:06 +0000] "POST /game/deal HTTP/1.1" 200 1933 "-" "PostmanRuntime/7.22.0"
::1 - - [27/Jan/2020:12:38:24 +0000] "POST /game/deal HTTP/1.1" 200 1931 "-" "PostmanRuntime/7.22.0"
::1 - - [27/Jan/2020:12:42:27 +0000] "POST /game/deal HTTP/1.1" 200 1931 "-" "PostmanRuntime/7.22.0"
::1 - - [27/Jan/2020:12:44:02 +0000] "POST /game/deal HTTP/1.1" 200 1952 "-" "PostmanRuntime/7.22.0"
::1 - - [27/Jan/2020:12:54:05 +0000] "POST /game/deal HTTP/1.1" 200 1955 "-" "PostmanRuntime/7.22.0"
::1 - - [27/Jan/2020:12:54:23 +0000] "POST /game/geat HTTP/1.1" 404 2141 "-" "PostmanRuntime/7.22.0"
::1 - - [27/Jan/2020:15:24:53 +0000] "POST /game/hit HTTP/1.1" - - "-" "PostmanRuntime/7.22.0"
::1 - - [27/Jan/2020:15:55:37 +0000] "POST /game/deal HTTP/1.1" 200 1950 "-" "PostmanRuntime/7.22.0"
::1 - - [27/Jan/2020:16:00:45 +0000] "POST /game/hit HTTP/1.1" - - "-" "PostmanRuntime/7.22.0"
::1 - - [27/Jan/2020:16:01:41 +0000] "POST /game/hit HTTP/1.1" 200 1950 "-" "PostmanRuntime/7.22.0"
::1 - - [27/Jan/2020:16:02:38 +0000] "POST /game/hit HTTP/1.1" 200 1950 "-" "PostmanRuntime/7.22.0"
::1 - - [27/Jan/2020:16:03:27 +0000] "POST /game/hit HTTP/1.1" 200 1950 "-" "PostmanRuntime/7.22.0"
::1 - - [27/Jan/2020:16:06:14 +0000] "POST /game/hit HTTP/1.1" 200 1979 "-" "PostmanRuntime/7.22.0"
::1 - - [27/Jan/2020:16:06:22 +0000] "POST /game/hit HTTP/1.1" 200 1979 "-" "PostmanRuntime/7.22.0"
::1 - - [27/Jan/2020:16:14:08 +0000] "POST /game/hit HTTP/1.1" 200 256 "-" "PostmanRuntime/7.22.0"
::1 - - [27/Jan/2020:16:15:50 +0000] "POST /game/hit HTTP/1.1" 200 256 "-" "PostmanRuntime/7.22.0"
::1 - - [27/Jan/2020:16:18:52 +0000] "POST /game/hit HTTP/1.1" 200 1891 "-" "PostmanRuntime/7.22.0"
::1 - - [27/Jan/2020:16:45:34 +0000] "POST /game/deal HTTP/1.1" 200 1951 "-" "PostmanRuntime/7.22.0"
::1 - - [27/Jan/2020:16:48:03 +0000] "POST /game/hit HTTP/1.1" 200 1980 "-" "PostmanRuntime/7.22.0"
::1 - - [27/Jan/2020:16:49:02 +0000] "POST /game/hit HTTP/1.1" 200 1983 "-" "PostmanRuntime/7.22.0"
::1 - - [27/Jan/2020:16:49:20 +0000] "POST /game/hit HTTP/1.1" 200 1983 "-" "PostmanRuntime/7.22.0"
::1 - - [27/Jan/2020:16:50:37 +0000] "POST /game/hit HTTP/1.1" 200 1983 "-" "PostmanRuntime/7.22.0"
::1 - - [27/Jan/2020:16:57:13 +0000] "POST /game/hit HTTP/1.1" 200 1983 "-" "PostmanRuntime/7.22.0"
::1 - - [27/Jan/2020:16:57:28 +0000] "POST /game/hit HTTP/1.1" 200 1983 "-" "PostmanRuntime/7.22.0"
::1 - - [27/Jan/2020:17:02:54 +0000] "POST /game/hit HTTP/1.1" 200 1922 "-" "PostmanRuntime/7.22.0"
::1 - - [27/Jan/2020:17:09:20 +0000] "POST /game/hit HTTP/1.1" 200 1922 "-" "PostmanRuntime/7.22.0"
::1 - - [27/Jan/2020:17:09:30 +0000] "POST /game/hit HTTP/1.1" 200 1922 "-" "PostmanRuntime/7.22.0"
::1 - - [27/Jan/2020:17:10:33 +0000] "POST /game/hit HTTP/1.1" 200 1922 "-" "PostmanRuntime/7.22.0"
::1 - - [27/Jan/2020:17:21:43 +0000] "POST /game/deal HTTP/1.1" 200 1952 "-" "PostmanRuntime/7.22.0"
::1 - - [27/Jan/2020:17:21:55 +0000] "POST /game/hit HTTP/1.1" - - "-" "PostmanRuntime/7.22.0"
::1 - - [27/Jan/2020:17:24:46 +0000] "POST /game/hit HTTP/1.1" - - "-" "PostmanRuntime/7.22.0"
::1 - - [27/Jan/2020:17:29:53 +0000] "POST /game/hit HTTP/1.1" - - "-" "PostmanRuntime/7.22.0"
::1 - - [27/Jan/2020:17:40:44 +0000] "POST /game/hit HTTP/1.1" - - "-" "PostmanRuntime/7.22.0"
::1 - - [27/Jan/2020:17:53:45 +0000] "POST /game/hit HTTP/1.1" - - "-" "PostmanRuntime/7.22.0"
::1 - - [27/Jan/2020:18:05:04 +0000] "POST /game/hit HTTP/1.1" - - "-" "PostmanRuntime/7.22.0"
::1 - - [27/Jan/2020:18:07:16 +0000] "POST /game/hit HTTP/1.1" - - "-" "PostmanRuntime/7.22.0"
::1 - - [27/Jan/2020:18:09:07 +0000] "POST /game/hit HTTP/1.1" 200 1982 "-" "PostmanRuntime/7.22.0"
::1 - - [27/Jan/2020:18:09:42 +0000] "POST /game/hit HTTP/1.1" 200 1982 "-" "PostmanRuntime/7.22.0"
::1 - - [27/Jan/2020:18:10:14 +0000] "POST /game/hit HTTP/1.1" 200 1982 "-" "PostmanRuntime/7.22.0"
::1 - - [27/Jan/2020:18:12:03 +0000] "POST /game/hit HTTP/1.1" 200 1984 "-" "PostmanRuntime/7.22.0"
::1 - - [27/Jan/2020:18:12:51 +0000] "POST /game/hit HTTP/1.1" 200 2016 "-" "PostmanRuntime/7.22.0"
::1 - - [27/Jan/2020:18:14:23 +0000] "POST /game/deal HTTP/1.1" 200 1951 "-" "PostmanRuntime/7.22.0"
::1 - - [27/Jan/2020:18:15:00 +0000] "POST /game/hit HTTP/1.1" 200 1981 "-" "PostmanRuntime/7.22.0"
::1 - - [27/Jan/2020:18:22:56 +0000] "POST /game/hit HTTP/1.1" 200 1981 "-" "PostmanRuntime/7.22.0"
::1 - - [27/Jan/2020:18:23:31 +0000] "POST /game/hit HTTP/1.1" 200 2011 "-" "PostmanRuntime/7.22.0"
::1 - - [28/Jan/2020:05:12:55 +0000] "POST /game/deal HTTP/1.1" 200 1955 "-" "PostmanRuntime/7.22.0"
::1 - - [28/Jan/2020:05:13:32 +0000] "POST /game/deal HTTP/1.1" 200 1952 "-" "PostmanRuntime/7.22.0"
::1 - - [28/Jan/2020:05:14:42 +0000] "POST /game/deal HTTP/1.1" 200 1953 "-" "PostmanRuntime/7.22.0"
::1 - - [28/Jan/2020:05:15:19 +0000] "POST /game/hit HTTP/1.1" 200 1985 "-" "PostmanRuntime/7.22.0"
::1 - - [28/Jan/2020:05:17:14 +0000] "POST /game/deal HTTP/1.1" 200 1951 "-" "PostmanRuntime/7.22.0"
::1 - - [28/Jan/2020:05:18:57 +0000] "POST /game/hit HTTP/1.1" 200 1983 "-" "PostmanRuntime/7.22.0"
::1 - - [28/Jan/2020:05:25:05 +0000] "POST /game/deal HTTP/1.1" 200 1982 "-" "PostmanRuntime/7.22.0"
::1 - - [28/Jan/2020:05:33:55 +0000] "POST /game/deal HTTP/1.1" 200 1985 "-" "PostmanRuntime/7.22.0"
::1 - - [28/Jan/2020:05:35:36 +0000] "POST /game/deal HTTP/1.1" 200 1985 "-" "PostmanRuntime/7.22.0"
::1 - - [28/Jan/2020:05:36:36 +0000] "POST /game/deal HTTP/1.1" 200 1984 "-" "PostmanRuntime/7.22.0"
::1 - - [28/Jan/2020:05:43:59 +0000] "POST /game/deal HTTP/1.1" 400 1002 "-" "PostmanRuntime/7.22.0"
::1 - - [28/Jan/2020:05:44:59 +0000] "POST /game/deal HTTP/1.1" 400 566 "-" "PostmanRuntime/7.22.0"
::1 - - [28/Jan/2020:05:45:02 +0000] "POST /game/deal HTTP/1.1" 400 566 "-" "PostmanRuntime/7.22.0"
::1 - - [28/Jan/2020:05:45:10 +0000] "POST /game/deal HTTP/1.1" 400 566 "-" "PostmanRuntime/7.22.0"
::1 - - [28/Jan/2020:05:45:42 +0000] "POST /game/deal HTTP/1.1" 200 1988 "-" "PostmanRuntime/7.22.0"
::1 - - [28/Jan/2020:05:45:59 +0000] "POST /game/deal HTTP/1.1" 200 1983 "-" "PostmanRuntime/7.22.0"
::1 - - [28/Jan/2020:05:46:01 +0000] "POST /game/deal HTTP/1.1" 200 1988 "-" "PostmanRuntime/7.22.0"
::1 - - [28/Jan/2020:05:46:04 +0000] "POST /game/deal HTTP/1.1" 200 1988 "-" "PostmanRuntime/7.22.0"
::1 - - [28/Jan/2020:05:46:08 +0000] "POST /game/deal HTTP/1.1" 200 1986 "-" "PostmanRuntime/7.22.0"
::1 - - [28/Jan/2020:05:46:11 +0000] "POST /game/deal HTTP/1.1" 400 552 "-" "PostmanRuntime/7.22.0"
::1 - - [28/Jan/2020:05:46:17 +0000] "POST /game/deal HTTP/1.1" 200 1983 "-" "PostmanRuntime/7.22.0"
::1 - - [28/Jan/2020:05:46:21 +0000] "POST /game/deal HTTP/1.1" 200 1988 "-" "PostmanRuntime/7.22.0"
::1 - - [28/Jan/2020:05:46:22 +0000] "POST /game/deal HTTP/1.1" 200 1987 "-" "PostmanRuntime/7.22.0"
::1 - - [28/Jan/2020:05:46:23 +0000] "POST /game/deal HTTP/1.1" 200 1983 "-" "PostmanRuntime/7.22.0"
::1 - - [28/Jan/2020:05:46:24 +0000] "POST /game/deal HTTP/1.1" 400 552 "-" "PostmanRuntime/7.22.0"
::1 - - [28/Jan/2020:05:50:11 +0000] "POST /game/deal HTTP/1.1" 400 552 "-" "PostmanRuntime/7.22.0"
::1 - - [28/Jan/2020:05:50:53 +0000] "POST /game/deal HTTP/1.1" 200 1910 "-" "PostmanRuntime/7.22.0"
::1 - - [28/Jan/2020:05:51:00 +0000] "POST /game/deal HTTP/1.1" 200 1912 "-" "PostmanRuntime/7.22.0"
::1 - - [28/Jan/2020:05:51:03 +0000] "POST /game/deal HTTP/1.1" 200 1907 "-" "PostmanRuntime/7.22.0"
::1 - - [28/Jan/2020:05:51:04 +0000] "POST /game/deal HTTP/1.1" 400 552 "-" "PostmanRuntime/7.22.0"
::1 - - [28/Jan/2020:05:51:05 +0000] "POST /game/deal HTTP/1.1" 400 552 "-" "PostmanRuntime/7.22.0"
::1 - - [28/Jan/2020:05:52:16 +0000] "POST /game/deal HTTP/1.1" 400 552 "-" "PostmanRuntime/7.22.0"
::1 - - [28/Jan/2020:05:52:42 +0000] "POST /game/deal HTTP/1.1" 200 1909 "-" "PostmanRuntime/7.22.0"
::1 - - [28/Jan/2020:05:53:00 +0000] "POST /game/deal HTTP/1.1" 200 1910 "-" "PostmanRuntime/7.22.0"
::1 - - [28/Jan/2020:05:54:21 +0000] "POST /game/deal HTTP/1.1" 200 1910 "-" "PostmanRuntime/7.22.0"
::1 - - [28/Jan/2020:05:54:24 +0000] "POST /game/deal HTTP/1.1" 200 1907 "-" "PostmanRuntime/7.22.0"
::1 - - [28/Jan/2020:05:54:25 +0000] "POST /game/deal HTTP/1.1" 200 1909 "-" "PostmanRuntime/7.22.0"
::1 - - [28/Jan/2020:05:54:30 +0000] "POST /game/deal HTTP/1.1" 200 1905 "-" "PostmanRuntime/7.22.0"
::1 - - [28/Jan/2020:05:54:32 +0000] "POST /game/deal HTTP/1.1" 200 1910 "-" "PostmanRuntime/7.22.0"
::1 - - [28/Jan/2020:05:54:34 +0000] "POST /game/deal HTTP/1.1" 200 1910 "-" "PostmanRuntime/7.22.0"
::1 - - [28/Jan/2020:05:54:37 +0000] "POST /game/deal HTTP/1.1" 200 1913 "-" "PostmanRuntime/7.22.0"
::1 - - [28/Jan/2020:05:54:45 +0000] "POST /game/deal HTTP/1.1" 200 1908 "-" "PostmanRuntime/7.22.0"
::1 - - [28/Jan/2020:05:54:46 +0000] "POST /game/deal HTTP/1.1" 200 1906 "-" "PostmanRuntime/7.22.0"
::1 - - [28/Jan/2020:05:55:11 +0000] "POST /game/deal HTTP/1.1" 200 1910 "-" "PostmanRuntime/7.22.0"
::1 - - [28/Jan/2020:05:55:19 +0000] "POST /game/deal HTTP/1.1" 200 1914 "-" "PostmanRuntime/7.22.0"
::1 - - [28/Jan/2020:06:00:15 +0000] "POST /game/deal HTTP/1.1" 200 1910 "-" "PostmanRuntime/7.22.0"
::1 - - [28/Jan/2020:06:01:20 +0000] "POST /game/deal HTTP/1.1" 200 1911 "-" "PostmanRuntime/7.22.0"
::1 - - [28/Jan/2020:06:01:28 +0000] "POST /game/deal HTTP/1.1" 200 1913 "-" "PostmanRuntime/7.22.0"
::1 - - [28/Jan/2020:06:02:25 +0000] "POST /game/deal HTTP/1.1" 200 1913 "-" "PostmanRuntime/7.22.0"
::1 - - [28/Jan/2020:06:03:20 +0000] "POST /game/deal HTTP/1.1" 200 1913 "-" "PostmanRuntime/7.22.0"
::1 - - [28/Jan/2020:06:03:26 +0000] "POST /game/deal HTTP/1.1" 200 1914 "-" "PostmanRuntime/7.22.0"
::1 - - [28/Jan/2020:06:11:00 +0000] "POST /game/deal HTTP/1.1" 200 1910 "-" "PostmanRuntime/7.22.0"
::1 - - [28/Jan/2020:06:17:37 +0000] "POST /game/hit HTTP/1.1" 200 1939 "-" "PostmanRuntime/7.22.0"
::1 - - [28/Jan/2020:06:19:17 +0000] "POST /game/hit HTTP/1.1" 200 1967 "-" "PostmanRuntime/7.22.0"
::1 - - [28/Jan/2020:06:20:26 +0000] "POST /game/deal HTTP/1.1" 200 1910 "-" "PostmanRuntime/7.22.0"
::1 - - [28/Jan/2020:06:20:58 +0000] "POST /game/hit HTTP/1.1" 200 1939 "-" "PostmanRuntime/7.22.0"
::1 - - [28/Jan/2020:06:24:40 +0000] "POST /game/deal HTTP/1.1" 200 1912 "-" "PostmanRuntime/7.22.0"
::1 - - [28/Jan/2020:06:25:05 +0000] "POST /game/hit HTTP/1.1" 200 1940 "-" "PostmanRuntime/7.22.0"
::1 - - [28/Jan/2020:06:30:17 +0000] "POST /game/hit HTTP/1.1" 200 1972 "-" "PostmanRuntime/7.22.0"
::1 - - [28/Jan/2020:06:30:26 +0000] "POST /game/hit HTTP/1.1" 400 129 "-" "PostmanRuntime/7.22.0"
::1 - - [28/Jan/2020:06:30:54 +0000] "POST /game/hit HTTP/1.1" 400 129 "-" "PostmanRuntime/7.22.0"
::1 - - [28/Jan/2020:06:31:17 +0000] "POST /game/hit HTTP/1.1" 200 49 "-" "PostmanRuntime/7.22.0"
::1 - - [28/Jan/2020:06:39:05 +0000] "POST /game/deal HTTP/1.1" 200 161 "-" "PostmanRuntime/7.22.0"
::1 - - [28/Jan/2020:06:39:49 +0000] "POST /game/deal HTTP/1.1" 200 163 "-" "PostmanRuntime/7.22.0"
::1 - - [28/Jan/2020:06:41:32 +0000] "POST /game/hit HTTP/1.1" 200 193 "-" "PostmanRuntime/7.22.0"
::1 - - [28/Jan/2020:06:41:40 +0000] "POST /game/hit HTTP/1.1" 200 238 "-" "PostmanRuntime/7.22.0"
::1 - - [28/Jan/2020:07:02:01 +0000] "POST /game/deal HTTP/1.1" 200 169 "-" "PostmanRuntime/7.22.0"
::1 - - [28/Jan/2020:07:02:53 +0000] "POST /game/hit HTTP/1.1" 200 216 "-" "PostmanRuntime/7.22.0"
::1 - - [28/Jan/2020:07:03:37 +0000] "POST /game/hit HTTP/1.1" 200 246 "-" "PostmanRuntime/7.22.0"
::1 - - [28/Jan/2020:07:03:40 +0000] "POST /game/hit HTTP/1.1" 200 276 "-" "PostmanRuntime/7.22.0"
::1 - - [28/Jan/2020:07:04:42 +0000] "POST /game/hit HTTP/1.1" 200 334 "-" "PostmanRuntime/7.22.0"
::1 - - [28/Jan/2020:07:04:48 +0000] "POST /game/hit HTTP/1.1" 200 364 "-" "PostmanRuntime/7.22.0"
::1 - - [28/Jan/2020:07:04:50 +0000] "POST /game/hit HTTP/1.1" 200 393 "-" "PostmanRuntime/7.22.0"
::1 - - [28/Jan/2020:07:04:51 +0000] "POST /game/hit HTTP/1.1" 200 420 "-" "PostmanRuntime/7.22.0"
::1 - - [28/Jan/2020:07:04:51 +0000] "POST /game/hit HTTP/1.1" 200 447 "-" "PostmanRuntime/7.22.0"
::1 - - [28/Jan/2020:07:04:52 +0000] "POST /game/hit HTTP/1.1" 200 474 "-" "PostmanRuntime/7.22.0"
::1 - - [28/Jan/2020:07:05:50 +0000] "POST /game/deal HTTP/1.1" 200 166 "-" "PostmanRuntime/7.22.0"
::1 - - [28/Jan/2020:07:07:59 +0000] "POST /game/hit HTTP/1.1" 200 251 "-" "PostmanRuntime/7.22.0"
::1 - - [28/Jan/2020:07:08:07 +0000] "POST /game/hit HTTP/1.1" 200 306 "-" "PostmanRuntime/7.22.0"
::1 - - [28/Jan/2020:07:24:37 +0000] "POST /game/hit HTTP/1.1" 200 334 "-" "PostmanRuntime/7.22.0"
::1 - - [28/Jan/2020:07:24:45 +0000] "POST /game/hit HTTP/1.1" 200 390 "-" "PostmanRuntime/7.22.0"
::1 - - [28/Jan/2020:07:24:53 +0000] "POST /game/hit HTTP/1.1" 200 448 "-" "PostmanRuntime/7.22.0"
::1 - - [28/Jan/2020:07:28:34 +0000] "POST /game/hit HTTP/1.1" 200 508 "-" "PostmanRuntime/7.22.0"
::1 - - [28/Jan/2020:07:28:47 +0000] "POST /game/hit HTTP/1.1" 200 538 "-" "PostmanRuntime/7.22.0"
::1 - - [28/Jan/2020:07:28:55 +0000] "POST /game/hit HTTP/1.1" 200 597 "-" "PostmanRuntime/7.22.0"
::1 - - [28/Jan/2020:07:29:01 +0000] "POST /game/hit HTTP/1.1" 200 655 "-" "PostmanRuntime/7.22.0"
::1 - - [28/Jan/2020:07:29:05 +0000] "POST /game/hit HTTP/1.1" 200 712 "-" "PostmanRuntime/7.22.0"
::1 - - [28/Jan/2020:07:29:08 +0000] "POST /game/hit HTTP/1.1" 200 741 "-" "PostmanRuntime/7.22.0"
::1 - - [28/Jan/2020:07:29:11 +0000] "POST /game/hit HTTP/1.1" 200 799 "-" "PostmanRuntime/7.22.0"
::1 - - [28/Jan/2020:07:29:15 +0000] "POST /game/hit HTTP/1.1" 200 859 "-" "PostmanRuntime/7.22.0"
::1 - - [28/Jan/2020:07:29:20 +0000] "POST /game/hit HTTP/1.1" 200 889 "-" "PostmanRuntime/7.22.0"
::1 - - [28/Jan/2020:07:29:23 +0000] "POST /game/hit HTTP/1.1" 200 947 "-" "PostmanRuntime/7.22.0"
::1 - - [28/Jan/2020:07:29:27 +0000] "POST /game/hit HTTP/1.1" 200 1005 "-" "PostmanRuntime/7.22.0"
::1 - - [28/Jan/2020:07:29:31 +0000] "POST /game/hit HTTP/1.1" 200 1035 "-" "PostmanRuntime/7.22.0"
::1 - - [28/Jan/2020:07:29:35 +0000] "POST /game/hit HTTP/1.1" 200 1064 "-" "PostmanRuntime/7.22.0"
::1 - - [28/Jan/2020:07:29:38 +0000] "POST /game/hit HTTP/1.1" 200 1119 "-" "PostmanRuntime/7.22.0"
::1 - - [28/Jan/2020:07:29:41 +0000] "POST /game/hit HTTP/1.1" 200 1176 "-" "PostmanRuntime/7.22.0"
::1 - - [28/Jan/2020:07:29:44 +0000] "POST /game/hit HTTP/1.1" 200 1231 "-" "PostmanRuntime/7.22.0"
::1 - - [28/Jan/2020:07:29:48 +0000] "POST /game/hit HTTP/1.1" 200 1288 "-" "PostmanRuntime/7.22.0"
::1 - - [28/Jan/2020:07:29:52 +0000] "POST /game/hit HTTP/1.1" 200 1347 "-" "PostmanRuntime/7.22.0"
::1 - - [28/Jan/2020:07:29:58 +0000] "POST /game/hit HTTP/1.1" 200 1407 "-" "PostmanRuntime/7.22.0"
::1 - - [28/Jan/2020:07:31:09 +0000] "POST /game/hit HTTP/1.1" 200 1466 "-" "PostmanRuntime/7.22.0"
::1 - - [28/Jan/2020:07:31:24 +0000] "POST /game/hit HTTP/1.1" 200 1526 "-" "PostmanRuntime/7.22.0"
::1 - - [28/Jan/2020:07:32:29 +0000] "POST /game/hit HTTP/1.1" 200 334 "-" "PostmanRuntime/7.22.0"
::1 - - [28/Jan/2020:07:32:44 +0000] "POST /game/hit HTTP/1.1" 200 390 "-" "PostmanRuntime/7.22.0"
::1 - - [28/Jan/2020:07:32:49 +0000] "POST /game/hit HTTP/1.1" 200 448 "-" "PostmanRuntime/7.22.0"
::1 - - [28/Jan/2020:07:33:11 +0000] "POST /game/hit HTTP/1.1" 200 334 "-" "PostmanRuntime/7.22.0"
::1 - - [28/Jan/2020:07:33:17 +0000] "POST /game/hit HTTP/1.1" 200 390 "-" "PostmanRuntime/7.22.0"
::1 - - [28/Jan/2020:07:33:20 +0000] "POST /game/hit HTTP/1.1" 200 448 "-" "PostmanRuntime/7.22.0"
::1 - - [28/Jan/2020:07:33:23 +0000] "POST /game/hit HTTP/1.1" 200 508 "-" "PostmanRuntime/7.22.0"
::1 - - [28/Jan/2020:07:33:43 +0000] "POST /game/hit HTTP/1.1" 200 334 "-" "PostmanRuntime/7.22.0"
::1 - - [28/Jan/2020:07:33:47 +0000] "POST /game/hit HTTP/1.1" 200 390 "-" "PostmanRuntime/7.22.0"
::1 - - [28/Jan/2020:07:33:49 +0000] "POST /game/hit HTTP/1.1" 200 448 "-" "PostmanRuntime/7.22.0"
::1 - - [28/Jan/2020:07:33:59 +0000] "POST /game/hit HTTP/1.1" 200 508 "-" "PostmanRuntime/7.22.0"
::1 - - [28/Jan/2020:07:39:19 +0000] "POST /game/hit HTTP/1.1" 200 334 "-" "PostmanRuntime/7.22.0"
::1 - - [28/Jan/2020:07:39:23 +0000] "POST /game/hit HTTP/1.1" 200 390 "-" "PostmanRuntime/7.22.0"
::1 - - [28/Jan/2020:07:39:25 +0000] "POST /game/hit HTTP/1.1" 200 448 "-" "PostmanRuntime/7.22.0"
::1 - - [28/Jan/2020:08:47:16 +0000] "POST /game/hit HTTP/1.1" 200 508 "-" "PostmanRuntime/7.22.0"
::1 - - [28/Jan/2020:08:47:24 +0000] "POST /game/hit HTTP/1.1" 200 538 "-" "PostmanRuntime/7.22.0"
::1 - - [28/Jan/2020:08:47:31 +0000] "POST /game/hit HTTP/1.1" 200 597 "-" "PostmanRuntime/7.22.0"
::1 - - [28/Jan/2020:08:47:37 +0000] "POST /game/hit HTTP/1.1" 200 655 "-" "PostmanRuntime/7.22.0"
::1 - - [28/Jan/2020:08:48:04 +0000] "POST /game/hit HTTP/1.1" 200 712 "-" "PostmanRuntime/7.22.0"
::1 - - [28/Jan/2020:08:48:08 +0000] "POST /game/hit HTTP/1.1" 200 741 "-" "PostmanRuntime/7.22.0"
::1 - - [28/Jan/2020:08:48:13 +0000] "POST /game/hit HTTP/1.1" 200 799 "-" "PostmanRuntime/7.22.0"
::1 - - [28/Jan/2020:08:48:17 +0000] "POST /game/hit HTTP/1.1" 200 859 "-" "PostmanRuntime/7.22.0"
::1 - - [28/Jan/2020:08:48:21 +0000] "POST /game/hit HTTP/1.1" 200 889 "-" "PostmanRuntime/7.22.0"
::1 - - [28/Jan/2020:08:52:16 +0000] "POST /game/deal HTTP/1.1" 200 200 "-" "PostmanRuntime/7.22.0"
::1 - - [28/Jan/2020:08:53:10 +0000] "POST /game/hit HTTP/1.1" 200 307 "-" "PostmanRuntime/7.22.0"
::1 - - [28/Jan/2020:08:54:32 +0000] "POST /game/deal HTTP/1.1" 200 200 "-" "PostmanRuntime/7.22.0"
::1 - - [28/Jan/2020:08:54:54 +0000] "POST /game/hit HTTP/1.1" 200 248 "-" "PostmanRuntime/7.22.0"
::1 - - [28/Jan/2020:09:01:41 +0000] "POST /game/stand HTTP/1.1" 200 1983 "-" "PostmanRuntime/7.22.0"
::1 - - [28/Jan/2020:09:06:55 +0000] "POST /game/hit HTTP/1.1" 200 332 "-" "PostmanRuntime/7.22.0"
::1 - - [28/Jan/2020:09:07:00 +0000] "POST /game/hit HTTP/1.1" 200 390 "-" "PostmanRuntime/7.22.0"
::1 - - [28/Jan/2020:09:08:10 +0000] "POST /game/deal HTTP/1.1" 200 202 "-" "PostmanRuntime/7.22.0"
::1 - - [28/Jan/2020:09:08:27 +0000] "POST /game/hit HTTP/1.1" 200 278 "-" "PostmanRuntime/7.22.0"
::1 - - [28/Jan/2020:09:16:17 +0000] "POST /game/deal HTTP/1.1" 200 195 "-" "PostmanRuntime/7.22.0"
::1 - - [28/Jan/2020:09:16:48 +0000] "POST /game/hit HTTP/1.1" 200 222 "-" "PostmanRuntime/7.22.0"
::1 - - [28/Jan/2020:09:16:58 +0000] "POST /game/hit HTTP/1.1" 200 251 "-" "PostmanRuntime/7.22.0"
::1 - - [28/Jan/2020:09:17:03 +0000] "POST /game/hit HTTP/1.1" 200 355 "-" "PostmanRuntime/7.22.0"
::1 - - [28/Jan/2020:09:18:20 +0000] "POST /game/deal HTTP/1.1" 200 204 "-" "PostmanRuntime/7.22.0"
::1 - - [28/Jan/2020:09:26:00 +0000] "POST /game/deal HTTP/1.1" 200 197 "-" "PostmanRuntime/7.22.0"
::1 - - [28/Jan/2020:09:26:06 +0000] "POST /game/deal HTTP/1.1" 200 203 "-" "PostmanRuntime/7.22.0"
::1 - - [28/Jan/2020:09:26:07 +0000] "POST /game/deal HTTP/1.1" 200 201 "-" "PostmanRuntime/7.22.0"
::1 - - [28/Jan/2020:09:26:08 +0000] "POST /game/deal HTTP/1.1" 200 199 "-" "PostmanRuntime/7.22.0"
::1 - - [28/Jan/2020:09:26:09 +0000] "POST /game/deal HTTP/1.1" 200 204 "-" "PostmanRuntime/7.22.0"
::1 - - [28/Jan/2020:09:26:10 +0000] "POST /game/deal HTTP/1.1" 200 204 "-" "PostmanRuntime/7.22.0"
::1 - - [28/Jan/2020:09:26:13 +0000] "POST /game/deal HTTP/1.1" 200 198 "-" "PostmanRuntime/7.22.0"
::1 - - [28/Jan/2020:09:26:20 +0000] "POST /game/deal HTTP/1.1" 200 201 "-" "PostmanRuntime/7.22.0"
::1 - - [28/Jan/2020:09:26:28 +0000] "POST /game/deal HTTP/1.1" 200 202 "-" "PostmanRuntime/7.22.0"
::1 - - [28/Jan/2020:09:26:29 +0000] "POST /game/deal HTTP/1.1" 200 200 "-" "PostmanRuntime/7.22.0"
::1 - - [28/Jan/2020:09:26:30 +0000] "POST /game/deal HTTP/1.1" 200 201 "-" "PostmanRuntime/7.22.0"
::1 - - [28/Jan/2020:09:26:31 +0000] "POST /game/deal HTTP/1.1" 200 205 "-" "PostmanRuntime/7.22.0"
::1 - - [28/Jan/2020:09:26:47 +0000] "POST /game/stand HTTP/1.1" 200 257 "-" "PostmanRuntime/7.22.0"
::1 - - [28/Jan/2020:09:27:42 +0000] "POST /game/hit HTTP/1.1" 200 232 "-" "PostmanRuntime/7.22.0"
::1 - - [28/Jan/2020:09:27:46 +0000] "POST /game/hit HTTP/1.1" 200 280 "-" "PostmanRuntime/7.22.0"
::1 - - [28/Jan/2020:09:27:54 +0000] "POST /game/deal HTTP/1.1" 200 198 "-" "PostmanRuntime/7.22.0"
::1 - - [28/Jan/2020:09:28:09 +0000] "POST /game/hit HTTP/1.1" 200 246 "-" "PostmanRuntime/7.22.0"
::1 - - [28/Jan/2020:09:28:32 +0000] "POST /game/deal HTTP/1.1" 200 198 "-" "PostmanRuntime/7.22.0"
::1 - - [28/Jan/2020:09:28:56 +0000] "POST /game/hit HTTP/1.1" 200 226 "-" "PostmanRuntime/7.22.0"
::1 - - [28/Jan/2020:09:29:21 +0000] "POST /game/stand HTTP/1.1" 200 306 "-" "PostmanRuntime/7.22.0"
::1 - - [28/Jan/2020:09:42:12 +0000] "POST /game/shuffle-card HTTP/1.1" 200 2025 "-" "PostmanRuntime/7.22.0"
::1 - - [28/Jan/2020:09:48:17 +0000] "POST /game/deal HTTP/1.1" 200 199 "-" "PostmanRuntime/7.22.0"
::1 - - [28/Jan/2020:09:48:31 +0000] "POST /game/hit HTTP/1.1" 200 247 "-" "PostmanRuntime/7.22.0"
::1 - - [28/Jan/2020:09:48:54 +0000] "POST /game/shuffle-card HTTP/1.1" 200 1969 "-" "PostmanRuntime/7.22.0"
::1 - - [28/Jan/2020:09:50:16 +0000] "POST /game/deal HTTP/1.1" 200 202 "-" "PostmanRuntime/7.22.0"
::1 - - [28/Jan/2020:09:50:23 +0000] "POST /game/deal HTTP/1.1" 200 198 "-" "PostmanRuntime/7.22.0"
::1 - - [28/Jan/2020:09:50:43 +0000] "POST /game/hit HTTP/1.1" 200 244 "-" "PostmanRuntime/7.22.0"
::1 - - [28/Jan/2020:09:50:51 +0000] "POST /game/deal HTTP/1.1" 200 200 "-" "PostmanRuntime/7.22.0"
::1 - - [28/Jan/2020:09:51:03 +0000] "POST /game/hit HTTP/1.1" 200 230 "-" "PostmanRuntime/7.22.0"
::1 - - [28/Jan/2020:09:51:21 +0000] "POST /game/stand HTTP/1.1" 200 309 "-" "PostmanRuntime/7.22.0"
::1 - - [28/Jan/2020:09:56:27 +0000] "POST /game/stand HTTP/1.1" 200 2041 "-" "PostmanRuntime/7.22.0"
::1 - - [28/Jan/2020:09:57:47 +0000] "POST /game/stand HTTP/1.1" 400 55 "-" "PostmanRuntime/7.22.0"
::1 - - [28/Jan/2020:09:58:05 +0000] "POST /game/deal HTTP/1.1" 200 202 "-" "PostmanRuntime/7.22.0"
::1 - - [28/Jan/2020:09:58:22 +0000] "POST /game/stand HTTP/1.1" 200 277 "-" "PostmanRuntime/7.22.0"
::1 - - [28/Jan/2020:09:58:45 +0000] "POST /game/shuffle-card HTTP/1.1" 200 1998 "-" "PostmanRuntime/7.22.0"
::1 - - [28/Jan/2020:10:22:56 +0000] "POST /game/deal HTTP/1.1" 200 201 "-" "PostmanRuntime/7.22.0"
::1 - - [28/Jan/2020:10:23:47 +0000] "POST /game/deal HTTP/1.1" 200 201 "-" "PostmanRuntime/7.22.0"
::1 - - [28/Jan/2020:10:35:50 +0000] "POST /game/initialize HTTP/1.1" 200 4516 "-" "PostmanRuntime/7.22.0"
::1 - - [28/Jan/2020:10:54:57 +0000] "POST /game/initialize HTTP/1.1" 200 4516 "-" "PostmanRuntime/7.22.0"
::1 - - [28/Jan/2020:10:55:47 +0000] "POST /game/initialize HTTP/1.1" 200 4516 "-" "PostmanRuntime/7.22.0"
::1 - - [28/Jan/2020:10:56:35 +0000] "POST /game/initialize HTTP/1.1" 200 4516 "-" "PostmanRuntime/7.22.0"
::1 - - [28/Jan/2020:10:56:40 +0000] "POST /game/initialize HTTP/1.1" 200 4516 "-" "PostmanRuntime/7.22.0"
::1 - - [28/Jan/2020:10:56:42 +0000] "POST /game/initialize HTTP/1.1" 200 4516 "-" "PostmanRuntime/7.22.0"
::1 - - [28/Jan/2020:10:56:43 +0000] "POST /game/initialize HTTP/1.1" 200 4516 "-" "PostmanRuntime/7.22.0"
::1 - - [28/Jan/2020:10:56:44 +0000] "POST /game/initialize HTTP/1.1" 200 4516 "-" "PostmanRuntime/7.22.0"
::1 - - [28/Jan/2020:10:57:10 +0000] "POST /game/initialize HTTP/1.1" 200 4516 "-" "PostmanRuntime/7.22.0"
::1 - - [28/Jan/2020:10:57:13 +0000] "POST /game/initialize HTTP/1.1" 200 4516 "-" "PostmanRuntime/7.22.0"
::1 - - [28/Jan/2020:10:57:16 +0000] "POST /game/initialize HTTP/1.1" 200 4516 "-" "PostmanRuntime/7.22.0"
::1 - - [28/Jan/2020:10:57:20 +0000] "POST /game/initialize HTTP/1.1" 200 4516 "-" "PostmanRuntime/7.22.0"
::1 - - [28/Jan/2020:10:57:25 +0000] "POST /game/initialize HTTP/1.1" 200 4516 "-" "PostmanRuntime/7.22.0"
